{"C:\\Users\\Witnney\\Documents\\Projects\\weather-api\\backend\\src\\clients\\stormGlass.ts": {"path":"C:\\Users\\Witnney\\Documents\\Projects\\weather-api\\backend\\src\\clients\\stormGlass.ts","all":false,"statementMap":{"0":{"start":{"line":1,"column":0},"end":{"line":1,"column":36}},"1":{"start":{"line":2,"column":0},"end":{"line":2,"column":62}},"2":{"start":{"line":3,"column":0},"end":{"line":3,"column":0}},"3":{"start":{"line":4,"column":0},"end":{"line":4,"column":40}},"4":{"start":{"line":5,"column":0},"end":{"line":5,"column":24}},"5":{"start":{"line":6,"column":0},"end":{"line":6,"column":1}},"6":{"start":{"line":7,"column":0},"end":{"line":7,"column":0}},"7":{"start":{"line":8,"column":0},"end":{"line":8,"column":34}},"8":{"start":{"line":9,"column":0},"end":{"line":9,"column":15}},"9":{"start":{"line":10,"column":0},"end":{"line":10,"column":36}},"10":{"start":{"line":11,"column":0},"end":{"line":11,"column":39}},"11":{"start":{"line":12,"column":0},"end":{"line":12,"column":40}},"12":{"start":{"line":13,"column":0},"end":{"line":13,"column":37}},"13":{"start":{"line":14,"column":0},"end":{"line":14,"column":37}},"14":{"start":{"line":15,"column":0},"end":{"line":15,"column":39}},"15":{"start":{"line":16,"column":0},"end":{"line":16,"column":35}},"16":{"start":{"line":17,"column":0},"end":{"line":17,"column":1}},"17":{"start":{"line":18,"column":0},"end":{"line":18,"column":0}},"18":{"start":{"line":19,"column":0},"end":{"line":19,"column":46}},"19":{"start":{"line":20,"column":0},"end":{"line":20,"column":27}},"20":{"start":{"line":21,"column":0},"end":{"line":21,"column":1}},"21":{"start":{"line":22,"column":0},"end":{"line":22,"column":0}},"22":{"start":{"line":23,"column":0},"end":{"line":23,"column":32}},"23":{"start":{"line":24,"column":0},"end":{"line":24,"column":15}},"24":{"start":{"line":25,"column":0},"end":{"line":25,"column":21}},"25":{"start":{"line":26,"column":0},"end":{"line":26,"column":24}},"26":{"start":{"line":27,"column":0},"end":{"line":27,"column":25}},"27":{"start":{"line":28,"column":0},"end":{"line":28,"column":22}},"28":{"start":{"line":29,"column":0},"end":{"line":29,"column":22}},"29":{"start":{"line":30,"column":0},"end":{"line":30,"column":24}},"30":{"start":{"line":31,"column":0},"end":{"line":31,"column":20}},"31":{"start":{"line":32,"column":0},"end":{"line":32,"column":1}},"32":{"start":{"line":33,"column":0},"end":{"line":33,"column":0}},"33":{"start":{"line":34,"column":0},"end":{"line":34,"column":55}},"34":{"start":{"line":35,"column":0},"end":{"line":35,"column":32}},"35":{"start":{"line":36,"column":0},"end":{"line":36,"column":27}},"36":{"start":{"line":37,"column":0},"end":{"line":37,"column":66}},"37":{"start":{"line":38,"column":0},"end":{"line":38,"column":44}},"38":{"start":{"line":39,"column":0},"end":{"line":39,"column":3}},"39":{"start":{"line":40,"column":0},"end":{"line":40,"column":1}},"40":{"start":{"line":41,"column":0},"end":{"line":41,"column":0}},"41":{"start":{"line":42,"column":0},"end":{"line":42,"column":60}},"42":{"start":{"line":43,"column":0},"end":{"line":43,"column":32}},"43":{"start":{"line":44,"column":0},"end":{"line":44,"column":27}},"44":{"start":{"line":45,"column":0},"end":{"line":45,"column":60}},"45":{"start":{"line":46,"column":0},"end":{"line":46,"column":44}},"46":{"start":{"line":47,"column":0},"end":{"line":47,"column":3}},"47":{"start":{"line":48,"column":0},"end":{"line":48,"column":1}},"48":{"start":{"line":49,"column":0},"end":{"line":49,"column":0}},"49":{"start":{"line":50,"column":0},"end":{"line":50,"column":25}},"50":{"start":{"line":51,"column":0},"end":{"line":51,"column":32}},"51":{"start":{"line":52,"column":0},"end":{"line":52,"column":94}},"52":{"start":{"line":53,"column":0},"end":{"line":53,"column":40}},"53":{"start":{"line":54,"column":0},"end":{"line":54,"column":0}},"54":{"start":{"line":55,"column":0},"end":{"line":55,"column":48}},"55":{"start":{"line":56,"column":0},"end":{"line":56,"column":80}},"56":{"start":{"line":57,"column":0},"end":{"line":57,"column":9}},"57":{"start":{"line":58,"column":0},"end":{"line":58,"column":75}},"58":{"start":{"line":59,"column":0},"end":{"line":59,"column":110}},"59":{"start":{"line":60,"column":0},"end":{"line":60,"column":9}},"60":{"start":{"line":61,"column":0},"end":{"line":61,"column":20}},"61":{"start":{"line":62,"column":0},"end":{"line":62,"column":47}},"62":{"start":{"line":63,"column":0},"end":{"line":63,"column":12}},"63":{"start":{"line":64,"column":0},"end":{"line":64,"column":9}},"64":{"start":{"line":65,"column":0},"end":{"line":65,"column":8}},"65":{"start":{"line":66,"column":0},"end":{"line":66,"column":51}},"66":{"start":{"line":67,"column":0},"end":{"line":67,"column":21}},"67":{"start":{"line":68,"column":0},"end":{"line":68,"column":29}},"68":{"start":{"line":69,"column":0},"end":{"line":69,"column":52}},"69":{"start":{"line":70,"column":0},"end":{"line":70,"column":42}},"70":{"start":{"line":71,"column":0},"end":{"line":71,"column":88}},"71":{"start":{"line":72,"column":0},"end":{"line":72,"column":10}},"72":{"start":{"line":73,"column":0},"end":{"line":73,"column":7}},"73":{"start":{"line":74,"column":0},"end":{"line":74,"column":50}},"74":{"start":{"line":75,"column":0},"end":{"line":75,"column":5}},"75":{"start":{"line":76,"column":0},"end":{"line":76,"column":3}},"76":{"start":{"line":77,"column":0},"end":{"line":77,"column":0}},"77":{"start":{"line":78,"column":0},"end":{"line":78,"column":28}},"78":{"start":{"line":79,"column":0},"end":{"line":79,"column":39}},"79":{"start":{"line":80,"column":0},"end":{"line":80,"column":22}},"80":{"start":{"line":81,"column":0},"end":{"line":81,"column":78}},"81":{"start":{"line":82,"column":0},"end":{"line":82,"column":69}},"82":{"start":{"line":83,"column":0},"end":{"line":83,"column":63}},"83":{"start":{"line":84,"column":0},"end":{"line":84,"column":63}},"84":{"start":{"line":85,"column":0},"end":{"line":85,"column":23}},"85":{"start":{"line":86,"column":0},"end":{"line":86,"column":67}},"86":{"start":{"line":87,"column":0},"end":{"line":87,"column":61}},"87":{"start":{"line":88,"column":0},"end":{"line":88,"column":67}},"88":{"start":{"line":89,"column":0},"end":{"line":89,"column":59}},"89":{"start":{"line":90,"column":0},"end":{"line":90,"column":8}},"90":{"start":{"line":91,"column":0},"end":{"line":91,"column":3}},"91":{"start":{"line":92,"column":0},"end":{"line":92,"column":0}},"92":{"start":{"line":93,"column":0},"end":{"line":93,"column":66}},"93":{"start":{"line":94,"column":0},"end":{"line":94,"column":14}},"94":{"start":{"line":95,"column":0},"end":{"line":95,"column":19}},"95":{"start":{"line":96,"column":0},"end":{"line":96,"column":57}},"96":{"start":{"line":97,"column":0},"end":{"line":97,"column":54}},"97":{"start":{"line":98,"column":0},"end":{"line":98,"column":54}},"98":{"start":{"line":99,"column":0},"end":{"line":99,"column":56}},"99":{"start":{"line":100,"column":0},"end":{"line":100,"column":53}},"100":{"start":{"line":101,"column":0},"end":{"line":101,"column":56}},"101":{"start":{"line":102,"column":0},"end":{"line":102,"column":49}},"102":{"start":{"line":103,"column":0},"end":{"line":103,"column":6}},"103":{"start":{"line":104,"column":0},"end":{"line":104,"column":3}},"104":{"start":{"line":105,"column":0},"end":{"line":105,"column":1}}},"s":{"0":1,"1":1,"2":1,"3":1,"4":1,"5":1,"6":1,"7":1,"8":1,"9":1,"10":1,"11":1,"12":1,"13":1,"14":1,"15":1,"16":1,"17":1,"18":1,"19":1,"20":1,"21":1,"22":1,"23":1,"24":1,"25":1,"26":1,"27":1,"28":1,"29":1,"30":1,"31":1,"32":1,"33":1,"34":1,"35":1,"36":1,"37":1,"38":1,"39":1,"40":1,"41":1,"42":1,"43":1,"44":1,"45":1,"46":1,"47":1,"48":1,"49":4,"50":4,"51":4,"52":4,"53":4,"54":4,"55":4,"56":4,"57":4,"58":4,"59":4,"60":4,"61":4,"62":4,"63":4,"64":4,"65":2,"66":2,"67":2,"68":2,"69":1,"70":1,"71":1,"72":1,"73":1,"74":1,"75":4,"76":4,"77":4,"78":2,"79":2,"80":2,"81":2,"82":2,"83":2,"84":2,"85":2,"86":2,"87":2,"88":2,"89":2,"90":2,"91":4,"92":4,"93":3,"94":3,"95":3,"96":3,"97":3,"98":3,"99":3,"100":3,"101":2,"102":3,"103":3,"104":4},"branchMap":{"0":{"type":"branch","line":35,"loc":{"start":{"line":35,"column":2},"end":{"line":39,"column":3}},"locations":[{"start":{"line":35,"column":2},"end":{"line":39,"column":3}}]},"1":{"type":"branch","line":43,"loc":{"start":{"line":43,"column":2},"end":{"line":47,"column":3}},"locations":[{"start":{"line":43,"column":2},"end":{"line":47,"column":3}}]},"2":{"type":"branch","line":50,"loc":{"start":{"line":50,"column":0},"end":{"line":105,"column":1}},"locations":[{"start":{"line":50,"column":0},"end":{"line":105,"column":1}}]},"3":{"type":"branch","line":55,"loc":{"start":{"line":55,"column":2},"end":{"line":55,"column":48}},"locations":[{"start":{"line":55,"column":2},"end":{"line":55,"column":48}}]},"4":{"type":"branch","line":56,"loc":{"start":{"line":56,"column":9},"end":{"line":76,"column":3}},"locations":[{"start":{"line":56,"column":9},"end":{"line":76,"column":3}}]},"5":{"type":"branch","line":66,"loc":{"start":{"line":66,"column":-2},"end":{"line":75,"column":5}},"locations":[{"start":{"line":66,"column":-2},"end":{"line":75,"column":5}}]},"6":{"type":"branch","line":69,"loc":{"start":{"line":69,"column":24},"end":{"line":69,"column":49}},"locations":[{"start":{"line":69,"column":24},"end":{"line":69,"column":49}}]},"7":{"type":"branch","line":69,"loc":{"start":{"line":69,"column":51},"end":{"line":75,"column":5}},"locations":[{"start":{"line":69,"column":51},"end":{"line":75,"column":5}}]},"8":{"type":"branch","line":78,"loc":{"start":{"line":78,"column":10},"end":{"line":91,"column":3}},"locations":[{"start":{"line":78,"column":10},"end":{"line":91,"column":3}}]},"9":{"type":"branch","line":81,"loc":{"start":{"line":81,"column":65},"end":{"line":90,"column":6}},"locations":[{"start":{"line":81,"column":65},"end":{"line":90,"column":6}}]},"10":{"type":"branch","line":93,"loc":{"start":{"line":93,"column":10},"end":{"line":104,"column":3}},"locations":[{"start":{"line":93,"column":10},"end":{"line":104,"column":3}}]},"11":{"type":"branch","line":96,"loc":{"start":{"line":96,"column":26},"end":{"line":96,"column":54}},"locations":[{"start":{"line":96,"column":26},"end":{"line":96,"column":54}}]},"12":{"type":"branch","line":96,"loc":{"start":{"line":96,"column":54},"end":{"line":97,"column":51}},"locations":[{"start":{"line":96,"column":54},"end":{"line":97,"column":51}}]},"13":{"type":"branch","line":97,"loc":{"start":{"line":97,"column":51},"end":{"line":98,"column":51}},"locations":[{"start":{"line":97,"column":51},"end":{"line":98,"column":51}}]},"14":{"type":"branch","line":98,"loc":{"start":{"line":98,"column":51},"end":{"line":99,"column":53}},"locations":[{"start":{"line":98,"column":51},"end":{"line":99,"column":53}}]},"15":{"type":"branch","line":99,"loc":{"start":{"line":99,"column":53},"end":{"line":100,"column":50}},"locations":[{"start":{"line":99,"column":53},"end":{"line":100,"column":50}}]},"16":{"type":"branch","line":100,"loc":{"start":{"line":100,"column":50},"end":{"line":101,"column":53}},"locations":[{"start":{"line":100,"column":50},"end":{"line":101,"column":53}}]},"17":{"type":"branch","line":101,"loc":{"start":{"line":101,"column":53},"end":{"line":102,"column":49}},"locations":[{"start":{"line":101,"column":53},"end":{"line":102,"column":49}}]}},"b":{"0":[1],"1":[1],"2":[4],"3":[4],"4":[4],"5":[2],"6":[1],"7":[1],"8":[2],"9":[2],"10":[3],"11":[2],"12":[2],"13":[2],"14":[2],"15":[2],"16":[2],"17":[2]},"fnMap":{"0":{"name":"ClientRequestError","decl":{"start":{"line":35,"column":2},"end":{"line":39,"column":3}},"loc":{"start":{"line":35,"column":2},"end":{"line":39,"column":3}},"line":35},"1":{"name":"StormGlassResponseError","decl":{"start":{"line":43,"column":2},"end":{"line":47,"column":3}},"loc":{"start":{"line":43,"column":2},"end":{"line":47,"column":3}},"line":43},"2":{"name":"<instance_members_initializer>","decl":{"start":{"line":50,"column":0},"end":{"line":105,"column":1}},"loc":{"start":{"line":50,"column":0},"end":{"line":105,"column":1}},"line":50},"3":{"name":"StormGlass","decl":{"start":{"line":55,"column":2},"end":{"line":55,"column":48}},"loc":{"start":{"line":55,"column":2},"end":{"line":55,"column":48}},"line":55},"4":{"name":"fetchPoints","decl":{"start":{"line":56,"column":9},"end":{"line":76,"column":3}},"loc":{"start":{"line":56,"column":9},"end":{"line":76,"column":3}},"line":56},"5":{"name":"normalizedReponse","decl":{"start":{"line":78,"column":10},"end":{"line":91,"column":3}},"loc":{"start":{"line":78,"column":10},"end":{"line":91,"column":3}},"line":78},"6":{"name":"isValidPoint","decl":{"start":{"line":93,"column":10},"end":{"line":104,"column":3}},"loc":{"start":{"line":93,"column":10},"end":{"line":104,"column":3}},"line":93}},"f":{"0":1,"1":1,"2":4,"3":4,"4":4,"5":2,"6":3}}
,"C:\\Users\\Witnney\\Documents\\Projects\\weather-api\\backend\\src\\util\\errors\\internal-error.ts": {"path":"C:\\Users\\Witnney\\Documents\\Projects\\weather-api\\backend\\src\\util\\errors\\internal-error.ts","all":false,"statementMap":{"0":{"start":{"line":1,"column":0},"end":{"line":1,"column":42}},"1":{"start":{"line":2,"column":0},"end":{"line":2,"column":14}},"2":{"start":{"line":3,"column":0},"end":{"line":3,"column":27}},"3":{"start":{"line":4,"column":0},"end":{"line":4,"column":33}},"4":{"start":{"line":5,"column":0},"end":{"line":5,"column":34}},"5":{"start":{"line":6,"column":0},"end":{"line":6,"column":5}},"6":{"start":{"line":7,"column":0},"end":{"line":7,"column":29}},"7":{"start":{"line":8,"column":0},"end":{"line":8,"column":19}},"8":{"start":{"line":9,"column":0},"end":{"line":9,"column":38}},"9":{"start":{"line":10,"column":0},"end":{"line":10,"column":52}},"10":{"start":{"line":11,"column":0},"end":{"line":11,"column":3}},"11":{"start":{"line":12,"column":0},"end":{"line":12,"column":1}}},"s":{"0":2,"1":2,"2":2,"3":2,"4":2,"5":2,"6":2,"7":2,"8":2,"9":2,"10":2,"11":2},"branchMap":{"0":{"type":"branch","line":1,"loc":{"start":{"line":1,"column":0},"end":{"line":12,"column":1}},"locations":[{"start":{"line":1,"column":0},"end":{"line":12,"column":1}}]},"1":{"type":"branch","line":2,"loc":{"start":{"line":2,"column":2},"end":{"line":11,"column":3}},"locations":[{"start":{"line":2,"column":2},"end":{"line":11,"column":3}}]}},"b":{"0":[2],"1":[2]},"fnMap":{"0":{"name":"<instance_members_initializer>","decl":{"start":{"line":1,"column":0},"end":{"line":12,"column":1}},"loc":{"start":{"line":1,"column":0},"end":{"line":12,"column":1}},"line":1},"1":{"name":"InternalError","decl":{"start":{"line":2,"column":2},"end":{"line":11,"column":3}},"loc":{"start":{"line":2,"column":2},"end":{"line":11,"column":3}},"line":2}},"f":{"0":2,"1":2}}
}
