TN:
SF:src\clients\stormGlass.ts
FN:33,<instance_members_initializer>
FN:38,StormGlass
FN:39,fetchPoints
FN:51,normalizedReponse
FN:66,isValidPoint
FNF:5
FNH:5
FNDA:1,<instance_members_initializer>
FNDA:1,StormGlass
FNDA:1,fetchPoints
FNDA:1,normalizedReponse
FNDA:2,isValidPoint
DA:1,1
DA:2,1
DA:3,1
DA:4,1
DA:5,1
DA:6,1
DA:7,1
DA:8,1
DA:9,1
DA:10,1
DA:11,1
DA:12,1
DA:13,1
DA:14,1
DA:15,1
DA:16,1
DA:17,1
DA:18,1
DA:19,1
DA:20,1
DA:21,1
DA:22,1
DA:23,1
DA:24,1
DA:25,1
DA:26,1
DA:27,1
DA:28,1
DA:29,1
DA:30,1
DA:31,1
DA:32,1
DA:33,1
DA:34,1
DA:35,1
DA:36,1
DA:37,1
DA:38,1
DA:39,1
DA:40,1
DA:41,1
DA:42,1
DA:43,1
DA:44,1
DA:45,1
DA:46,1
DA:47,1
DA:48,1
DA:49,1
DA:50,1
DA:51,1
DA:52,1
DA:53,1
DA:54,1
DA:55,2
DA:56,2
DA:57,2
DA:58,2
DA:59,2
DA:60,2
DA:61,2
DA:62,2
DA:63,1
DA:64,1
DA:65,1
DA:66,1
DA:67,2
DA:68,2
DA:69,2
DA:70,2
DA:71,2
DA:72,2
DA:73,2
DA:74,2
DA:75,2
DA:76,2
DA:77,2
DA:78,1
LF:78
LH:78
BRDA:33,0,0,1
BRDA:38,1,0,1
BRDA:39,2,0,1
BRDA:51,3,0,1
BRDA:54,4,0,2
BRDA:66,5,0,2
BRF:6
BRH:6
end_of_record
