TN:
SF:src\clients\stormGlass.ts
FN:34,ClientRequestError
FN:42,StormGlassResponseError
FN:49,<instance_members_initializer>
FN:54,StormGlass
FN:55,fetchPoints
FN:76,normalizedReponse
FN:91,isValidPoint
FNF:7
FNH:7
FNDA:1,ClientRequestError
FNDA:1,StormGlassResponseError
FNDA:4,<instance_members_initializer>
FNDA:4,StormGlass
FNDA:4,fetchPoints
FNDA:2,normalizedReponse
FNDA:3,isValidPoint
DA:1,1
DA:2,1
DA:3,1
DA:4,1
DA:5,1
DA:6,1
DA:7,1
DA:8,1
DA:9,1
DA:10,1
DA:11,1
DA:12,1
DA:13,1
DA:14,1
DA:15,1
DA:16,1
DA:17,1
DA:18,1
DA:19,1
DA:20,1
DA:21,1
DA:22,1
DA:23,1
DA:24,1
DA:25,1
DA:26,1
DA:27,1
DA:28,1
DA:29,1
DA:30,1
DA:31,1
DA:32,1
DA:33,1
DA:34,1
DA:35,1
DA:36,1
DA:37,1
DA:38,1
DA:39,1
DA:40,1
DA:41,1
DA:42,1
DA:43,1
DA:44,1
DA:45,1
DA:46,1
DA:47,1
DA:48,1
DA:49,4
DA:50,4
DA:51,4
DA:52,4
DA:53,4
DA:54,4
DA:55,4
DA:56,4
DA:57,4
DA:58,4
DA:59,4
DA:60,4
DA:61,4
DA:62,4
DA:63,4
DA:64,4
DA:65,2
DA:66,2
DA:67,2
DA:68,1
DA:69,1
DA:70,1
DA:71,1
DA:72,1
DA:73,1
DA:74,4
DA:75,4
DA:76,4
DA:77,2
DA:78,2
DA:79,2
DA:80,2
DA:81,2
DA:82,2
DA:83,2
DA:84,2
DA:85,2
DA:86,2
DA:87,2
DA:88,2
DA:89,2
DA:90,4
DA:91,4
DA:92,3
DA:93,3
DA:94,3
DA:95,3
DA:96,3
DA:97,3
DA:98,3
DA:99,3
DA:100,2
DA:101,3
DA:102,3
DA:103,4
LF:103
LH:103
BRDA:34,0,0,1
BRDA:42,1,0,1
BRDA:49,2,0,4
BRDA:54,3,0,4
BRDA:55,4,0,4
BRDA:65,5,0,2
BRDA:67,6,0,1
BRDA:76,7,0,2
BRDA:79,8,0,2
BRDA:91,9,0,3
BRDA:94,10,0,2
BRDA:94,11,0,2
BRDA:95,12,0,2
BRDA:96,13,0,2
BRDA:97,14,0,2
BRDA:98,15,0,2
BRDA:99,16,0,2
BRF:17
BRH:17
end_of_record
TN:
SF:src\util\request.ts
FN:9,<instance_members_initializer>
FNF:1
FNH:0
FNDA:0,<instance_members_initializer>
DA:1,1
DA:2,1
DA:3,1
DA:4,1
DA:5,1
DA:6,1
DA:7,1
DA:8,1
DA:9,0
DA:10,0
DA:11,0
DA:12,0
DA:13,0
DA:14,0
DA:15,0
DA:16,0
DA:17,0
DA:18,0
DA:19,0
LF:19
LH:8
BRDA:9,0,0,0
BRF:1
BRH:0
end_of_record
TN:
SF:src\util\errors\internal-error.ts
FN:1,<instance_members_initializer>
FN:2,InternalError
FNF:2
FNH:2
FNDA:2,<instance_members_initializer>
FNDA:2,InternalError
DA:1,2
DA:2,2
DA:3,2
DA:4,2
DA:5,2
DA:6,2
DA:7,2
DA:8,2
DA:9,2
DA:10,2
DA:11,2
LF:11
LH:11
BRDA:1,0,0,2
BRDA:2,1,0,2
BRF:2
BRH:2
end_of_record
